<?xml version="1.0" encoding="UTF-8"?>
<testng-results ignored="0" total="1" passed="1" failed="0" skipped="0">
  <reporter-output>
  </reporter-output>
  <suite started-at="2023-04-05T19:45:21 IST" name="Default suite" finished-at="2023-04-05T19:45:21 IST" duration-ms="93">
    <groups>
    </groups>
    <test started-at="2023-04-05T19:45:21 IST" name="Default test" finished-at="2023-04-05T19:45:21 IST" duration-ms="93">
      <class name="practice.DemoTest">
        <test-method signature="sample1()[pri:0, instance:practice.DemoTest@49c386c8]" started-at="2023-04-05T19:45:21 IST" name="sample1" finished-at="2023-04-05T19:45:21 IST" duration-ms="18" status="PASS">
          <reporter-output>
          </reporter-output>
        </test-method> <!-- sample1 -->
      </class> <!-- practice.DemoTest -->
    </test> <!-- Default test -->
  </suite> <!-- Default suite -->
</testng-results>
